[Tue Mar 24 09:35:01 AM CST 2026] monitor_cron 开始执行
[Tue Mar 24 09:35:01 AM CST 2026] 原型扫描完成：共27个，新增0个
[Tue Mar 24 09:40:01 AM CST 2026] monitor_cron 开始执行
[Tue Mar 24 09:40:02 AM CST 2026] 原型扫描完成：共27个，新增0个
[Tue Mar 24 09:45:01 AM CST 2026] monitor_cron 开始执行
[Tue Mar 24 09:45:01 AM CST 2026] 原型扫描完成：共27个，新增0个
[Tue Mar 24 09:50:01 AM CST 2026] monitor_cron 开始执行
[Tue Mar 24 09:50:01 AM CST 2026] 原型扫描完成：共27个，新增0个
[Tue Mar 24 09:55:01 AM CST 2026] monitor_cron 开始执行
[Tue Mar 24 09:55:01 AM CST 2026] 原型扫描完成：共27个，新增0个
[Tue Mar 24 10:00:01 AM CST 2026] monitor_cron 开始执行
[Tue Mar 24 10:00:01 AM CST 2026] 原型扫描完成：共27个，新增0个
[Tue Mar 24 10:05:01 AM CST 2026] monitor_cron 开始执行
[Tue Mar 24 10:05:01 AM CST 2026] 原型扫描完成：共27个，新增0个
[Tue Mar 24 10:10:01 AM CST 2026] monitor_cron 开始执行
[Tue Mar 24 10:10:02 AM CST 2026] 原型扫描完成：共27个，新增0个
[Tue Mar 24 10:15:01 AM CST 2026] monitor_cron 开始执行
[Tue Mar 24 10:15:01 AM CST 2026] 原型扫描完成：共27个，新增0个
[Tue Mar 24 10:20:01 AM CST 2026] monitor_cron 开始执行
[Tue Mar 24 10:20:01 AM CST 2026] 原型扫描完成：共27个，新增0个
[Tue Mar 24 10:25:01 AM CST 2026] monitor_cron 开始执行
[Tue Mar 24 10:25:01 AM CST 2026] 原型扫描完成：共27个，新增0个
[Tue Mar 24 10:30:01 AM CST 2026] monitor_cron 开始执行
[Tue Mar 24 10:30:01 AM CST 2026] 原型扫描完成：共27个，新增0个
[Tue Mar 24 10:35:01 AM CST 2026] monitor_cron 开始执行
[Tue Mar 24 10:35:01 AM CST 2026] 原型扫描完成：共27个，新增0个
[Tue Mar 24 10:40:01 AM CST 2026] monitor_cron 开始执行
[Tue Mar 24 10:40:01 AM CST 2026] 原型扫描完成：共27个，新增0个
[Tue Mar 24 10:45:01 AM CST 2026] monitor_cron 开始执行
[Tue Mar 24 10:45:01 AM CST 2026] 原型扫描完成：共27个，新增0个
[Tue Mar 24 10:50:01 AM CST 2026] monitor_cron 开始执行
[Tue Mar 24 10:50:01 AM CST 2026] 原型扫描完成：共27个，新增0个
[Tue Mar 24 10:55:01 AM CST 2026] monitor_cron 开始执行
[Tue Mar 24 10:55:01 AM CST 2026] 原型扫描完成：共27个，新增0个
[Tue Mar 24 11:00:01 AM CST 2026] monitor_cron 开始执行
[Tue Mar 24 11:00:01 AM CST 2026] 原型扫描完成：共27个，新增0个
[Tue Mar 24 11:05:01 AM CST 2026] monitor_cron 开始执行
[Tue Mar 24 11:05:01 AM CST 2026] 原型扫描完成：共27个，新增0个
[Tue Mar 24 11:10:01 AM CST 2026] monitor_cron 开始执行
[Tue Mar 24 11:10:02 AM CST 2026] 原型扫描完成：共27个，新增0个
[Tue Mar 24 11:15:01 AM CST 2026] monitor_cron 开始执行
[Tue Mar 24 11:15:01 AM CST 2026] 原型扫描完成：共27个，新增0个
[Tue Mar 24 11:20:01 AM CST 2026] monitor_cron 开始执行
[Tue Mar 24 11:20:01 AM CST 2026] 原型扫描完成：共27个，新增0个
[Tue Mar 24 11:25:01 AM CST 2026] monitor_cron 开始执行
[Tue Mar 24 11:25:01 AM CST 2026] 原型扫描完成：共27个，新增0个
[Tue Mar 24 11:30:01 AM CST 2026] monitor_cron 开始执行
[Tue Mar 24 11:30:01 AM CST 2026] 原型扫描完成：共27个，新增0个
[Tue Mar 24 11:35:01 AM CST 2026] monitor_cron 开始执行
[Tue Mar 24 11:35:01 AM CST 2026] 原型扫描完成：共27个，新增0个
[Tue Mar 24 11:40:01 AM CST 2026] monitor_cron 开始执行
[Tue Mar 24 11:40:01 AM CST 2026] 原型扫描完成：共27个，新增0个
[Tue Mar 24 11:45:01 AM CST 2026] monitor_cron 开始执行
[Tue Mar 24 11:45:02 AM CST 2026] 原型扫描完成：共27个，新增0个
[Tue Mar 24 11:50:01 AM CST 2026] monitor_cron 开始执行
[Tue Mar 24 11:50:01 AM CST 2026] 原型扫描完成：共27个，新增0个
[Tue Mar 24 11:55:01 AM CST 2026] monitor_cron 开始执行
[Tue Mar 24 11:55:01 AM CST 2026] 原型扫描完成：共27个，新增0个
[Tue Mar 24 12:00:01 PM CST 2026] monitor_cron 开始执行
[Tue Mar 24 12:00:01 PM CST 2026] 原型扫描完成：共27个，新增0个
[Tue Mar 24 12:05:01 PM CST 2026] monitor_cron 开始执行
[Tue Mar 24 12:05:01 PM CST 2026] 原型扫描完成：共27个，新增0个
[Tue Mar 24 12:10:01 PM CST 2026] monitor_cron 开始执行
[Tue Mar 24 12:10:01 PM CST 2026] 原型扫描完成：共27个，新增0个
[Tue Mar 24 12:15:01 PM CST 2026] monitor_cron 开始执行
[Tue Mar 24 12:15:02 PM CST 2026] 原型扫描完成：共27个，新增0个
[Tue Mar 24 12:20:01 PM CST 2026] monitor_cron 开始执行
[Tue Mar 24 12:20:01 PM CST 2026] 原型扫描完成：共27个，新增0个
[Tue Mar 24 12:25:01 PM CST 2026] monitor_cron 开始执行
[Tue Mar 24 12:25:01 PM CST 2026] 原型扫描完成：共27个，新增0个
[Tue Mar 24 12:30:01 PM CST 2026] monitor_cron 开始执行
[Tue Mar 24 12:30:01 PM CST 2026] 原型扫描完成：共27个，新增0个
[Tue Mar 24 12:35:01 PM CST 2026] monitor_cron 开始执行
[Tue Mar 24 12:35:01 PM CST 2026] 原型扫描完成：共27个，新增0个
[Tue Mar 24 12:40:01 PM CST 2026] monitor_cron 开始执行
[Tue Mar 24 12:40:01 PM CST 2026] 原型扫描完成：共27个，新增0个
[Tue Mar 24 12:45:01 PM CST 2026] monitor_cron 开始执行
[Tue Mar 24 12:45:01 PM CST 2026] 原型扫描完成：共27个，新增0个
[Tue Mar 24 12:50:01 PM CST 2026] monitor_cron 开始执行
[Tue Mar 24 12:50:02 PM CST 2026] 原型扫描完成：共27个，新增0个
[Tue Mar 24 12:55:01 PM CST 2026] monitor_cron 开始执行
[Tue Mar 24 12:55:01 PM CST 2026] 原型扫描完成：共27个，新增0个
[Tue Mar 24 01:00:01 PM CST 2026] monitor_cron 开始执行
[Tue Mar 24 01:00:01 PM CST 2026] 原型扫描完成：共27个，新增0个
[Tue Mar 24 01:05:01 PM CST 2026] monitor_cron 开始执行
[Tue Mar 24 01:05:01 PM CST 2026] 原型扫描完成：共27个，新增0个
[Tue Mar 24 01:10:01 PM CST 2026] monitor_cron 开始执行
[Tue Mar 24 01:10:01 PM CST 2026] 原型扫描完成：共27个，新增0个
[Tue Mar 24 01:15:01 PM CST 2026] monitor_cron 开始执行
[Tue Mar 24 01:15:01 PM CST 2026] 原型扫描完成：共27个，新增0个
[Tue Mar 24 01:20:01 PM CST 2026] monitor_cron 开始执行
[Tue Mar 24 01:20:02 PM CST 2026] 原型扫描完成：共27个，新增0个
[Tue Mar 24 01:25:01 PM CST 2026] monitor_cron 开始执行
[Tue Mar 24 01:25:01 PM CST 2026] 原型扫描完成：共27个，新增0个
[Tue Mar 24 01:30:01 PM CST 2026] monitor_cron 开始执行
[Tue Mar 24 01:30:01 PM CST 2026] 原型扫描完成：共27个，新增0个
[Tue Mar 24 01:35:01 PM CST 2026] monitor_cron 开始执行
[Tue Mar 24 01:35:01 PM CST 2026] 原型扫描完成：共27个，新增0个
[Tue Mar 24 01:40:01 PM CST 2026] monitor_cron 开始执行
[Tue Mar 24 01:40:01 PM CST 2026] 原型扫描完成：共27个，新增0个
[Tue Mar 24 01:45:01 PM CST 2026] monitor_cron 开始执行
[Tue Mar 24 01:45:01 PM CST 2026] 原型扫描完成：共27个，新增0个
[Tue Mar 24 01:50:01 PM CST 2026] monitor_cron 开始执行
[Tue Mar 24 01:50:01 PM CST 2026] 原型扫描完成：共27个，新增0个
[Tue Mar 24 01:55:01 PM CST 2026] monitor_cron 开始执行
[Tue Mar 24 01:55:02 PM CST 2026] 原型扫描完成：共27个，新增0个
[Tue Mar 24 02:00:01 PM CST 2026] monitor_cron 开始执行
[Tue Mar 24 02:00:01 PM CST 2026] 原型扫描完成：共27个，新增0个
[Tue Mar 24 02:05:01 PM CST 2026] monitor_cron 开始执行
[Tue Mar 24 02:05:01 PM CST 2026] 原型扫描完成：共27个，新增0个
[Tue Mar 24 02:10:01 PM CST 2026] monitor_cron 开始执行
[Tue Mar 24 02:10:01 PM CST 2026] 原型扫描完成：共27个，新增0个
[Tue Mar 24 02:15:01 PM CST 2026] monitor_cron 开始执行
[Tue Mar 24 02:15:01 PM CST 2026] 原型扫描完成：共27个，新增0个
[Tue Mar 24 02:20:01 PM CST 2026] monitor_cron 开始执行
[Tue Mar 24 02:20:01 PM CST 2026] 原型扫描完成：共27个，新增0个
[Tue Mar 24 02:25:01 PM CST 2026] monitor_cron 开始执行
[Tue Mar 24 02:25:01 PM CST 2026] 原型扫描完成：共27个，新增0个
[Tue Mar 24 02:30:02 PM CST 2026] monitor_cron 开始执行
[Tue Mar 24 02:30:02 PM CST 2026] 原型扫描完成：共27个，新增0个
[Tue Mar 24 02:35:01 PM CST 2026] monitor_cron 开始执行
[Tue Mar 24 02:35:01 PM CST 2026] 原型扫描完成：共27个，新增0个
[Tue Mar 24 02:40:01 PM CST 2026] monitor_cron 开始执行
[Tue Mar 24 02:40:01 PM CST 2026] 原型扫描完成：共27个，新增0个
[Tue Mar 24 02:45:01 PM CST 2026] monitor_cron 开始执行
[Tue Mar 24 02:45:01 PM CST 2026] 原型扫描完成：共27个，新增0个
[Tue Mar 24 02:50:01 PM CST 2026] monitor_cron 开始执行
[Tue Mar 24 02:50:01 PM CST 2026] 原型扫描完成：共27个，新增0个
[Tue Mar 24 02:55:01 PM CST 2026] monitor_cron 开始执行
[Tue Mar 24 02:55:01 PM CST 2026] 原型扫描完成：共27个，新增0个
[Tue Mar 24 03:00:01 PM CST 2026] monitor_cron 开始执行
[Tue Mar 24 03:00:02 PM CST 2026] 原型扫描完成：共27个，新增0个
[Tue Mar 24 03:05:01 PM CST 2026] monitor_cron 开始执行
[Tue Mar 24 03:05:01 PM CST 2026] 原型扫描完成：共27个，新增0个
[Tue Mar 24 03:10:01 PM CST 2026] monitor_cron 开始执行
[Tue Mar 24 03:10:01 PM CST 2026] 原型扫描完成：共27个，新增0个
[Tue Mar 24 03:15:01 PM CST 2026] monitor_cron 开始执行
[Tue Mar 24 03:15:01 PM CST 2026] 原型扫描完成：共27个，新增0个
[Tue Mar 24 03:20:01 PM CST 2026] monitor_cron 开始执行
[Tue Mar 24 03:20:01 PM CST 2026] 原型扫描完成：共27个，新增0个
[Tue Mar 24 03:25:01 PM CST 2026] monitor_cron 开始执行
[Tue Mar 24 03:25:01 PM CST 2026] 原型扫描完成：共27个，新增0个
[Tue Mar 24 03:30:01 PM CST 2026] monitor_cron 开始执行
[Tue Mar 24 03:30:01 PM CST 2026] 原型扫描完成：共27个，新增0个
[Tue Mar 24 03:35:02 PM CST 2026] monitor_cron 开始执行
[Tue Mar 24 03:35:02 PM CST 2026] 原型扫描完成：共27个，新增0个
[Tue Mar 24 03:40:01 PM CST 2026] monitor_cron 开始执行
[Tue Mar 24 03:40:01 PM CST 2026] 原型扫描完成：共27个，新增0个
[Tue Mar 24 03:45:01 PM CST 2026] monitor_cron 开始执行
[Tue Mar 24 03:45:01 PM CST 2026] 原型扫描完成：共27个，新增0个
[Tue Mar 24 03:50:01 PM CST 2026] monitor_cron 开始执行
[Tue Mar 24 03:50:01 PM CST 2026] 原型扫描完成：共27个，新增0个
[Tue Mar 24 03:55:01 PM CST 2026] monitor_cron 开始执行
[Tue Mar 24 03:55:01 PM CST 2026] 原型扫描完成：共27个，新增0个
[Tue Mar 24 04:00:01 PM CST 2026] monitor_cron 开始执行
[Tue Mar 24 04:00:01 PM CST 2026] 原型扫描完成：共27个，新增0个
[Tue Mar 24 04:05:01 PM CST 2026] monitor_cron 开始执行
[Tue Mar 24 04:05:02 PM CST 2026] 原型扫描完成：共27个，新增0个
[Tue Mar 24 04:10:01 PM CST 2026] monitor_cron 开始执行
[Tue Mar 24 04:10:01 PM CST 2026] 原型扫描完成：共27个，新增0个
[Tue Mar 24 04:15:01 PM CST 2026] monitor_cron 开始执行
[Tue Mar 24 04:15:01 PM CST 2026] 原型扫描完成：共27个，新增0个
[Tue Mar 24 04:20:01 PM CST 2026] monitor_cron 开始执行
[Tue Mar 24 04:20:01 PM CST 2026] 原型扫描完成：共27个，新增0个
[Tue Mar 24 04:25:01 PM CST 2026] monitor_cron 开始执行
[Tue Mar 24 04:25:01 PM CST 2026] 原型扫描完成：共27个，新增0个
[Tue Mar 24 04:30:01 PM CST 2026] monitor_cron 开始执行
[Tue Mar 24 04:30:01 PM CST 2026] 原型扫描完成：共27个，新增0个
[Tue Mar 24 04:35:01 PM CST 2026] monitor_cron 开始执行
[Tue Mar 24 04:35:01 PM CST 2026] 原型扫描完成：共27个，新增0个
[Tue Mar 24 04:40:01 PM CST 2026] monitor_cron 开始执行
[Tue Mar 24 04:40:02 PM CST 2026] 原型扫描完成：共27个，新增0个
[Tue Mar 24 04:45:01 PM CST 2026] monitor_cron 开始执行
[Tue Mar 24 04:45:01 PM CST 2026] 原型扫描完成：共27个，新增0个
[Tue Mar 24 04:50:01 PM CST 2026] monitor_cron 开始执行
[Tue Mar 24 04:50:01 PM CST 2026] 原型扫描完成：共27个，新增0个
[Tue Mar 24 04:55:01 PM CST 2026] monitor_cron 开始执行
[Tue Mar 24 04:55:01 PM CST 2026] 原型扫描完成：共27个，新增0个
[Tue Mar 24 05:00:01 PM CST 2026] monitor_cron 开始执行
[Tue Mar 24 05:00:01 PM CST 2026] 原型扫描完成：共27个，新增0个
[Tue Mar 24 05:05:01 PM CST 2026] monitor_cron 开始执行
[Tue Mar 24 05:05:01 PM CST 2026] 原型扫描完成：共27个，新增0个
[Tue Mar 24 05:10:01 PM CST 2026] monitor_cron 开始执行
[Tue Mar 24 05:10:01 PM CST 2026] 原型扫描完成：共27个，新增0个
[Tue Mar 24 05:15:01 PM CST 2026] monitor_cron 开始执行
[Tue Mar 24 05:15:02 PM CST 2026] 原型扫描完成：共27个，新增0个
[Tue Mar 24 05:20:01 PM CST 2026] monitor_cron 开始执行
[Tue Mar 24 05:20:01 PM CST 2026] 原型扫描完成：共27个，新增0个
[Tue Mar 24 05:25:01 PM CST 2026] monitor_cron 开始执行
[Tue Mar 24 05:25:01 PM CST 2026] 原型扫描完成：共27个，新增0个
[Tue Mar 24 05:30:01 PM CST 2026] monitor_cron 开始执行
[Tue Mar 24 05:30:01 PM CST 2026] 原型扫描完成：共27个，新增0个
[Tue Mar 24 05:35:01 PM CST 2026] monitor_cron 开始执行
[Tue Mar 24 05:35:01 PM CST 2026] 原型扫描完成：共27个，新增0个
[Tue Mar 24 05:40:01 PM CST 2026] monitor_cron 开始执行
[Tue Mar 24 05:40:01 PM CST 2026] 原型扫描完成：共27个，新增0个
[Tue Mar 24 05:45:01 PM CST 2026] monitor_cron 开始执行
[Tue Mar 24 05:45:01 PM CST 2026] 原型扫描完成：共27个，新增0个
[Tue Mar 24 05:50:01 PM CST 2026] monitor_cron 开始执行
[Tue Mar 24 05:50:01 PM CST 2026] 原型扫描完成：共27个，新增0个
[Tue Mar 24 05:55:01 PM CST 2026] monitor_cron 开始执行
[Tue Mar 24 05:55:01 PM CST 2026] 原型扫描完成：共27个，新增0个
[Tue Mar 24 06:00:01 PM CST 2026] monitor_cron 开始执行
[Tue Mar 24 06:00:01 PM CST 2026] 原型扫描完成：共27个，新增0个
[Tue Mar 24 06:05:01 PM CST 2026] monitor_cron 开始执行
[Tue Mar 24 06:05:01 PM CST 2026] 原型扫描完成：共27个，新增0个
[Tue Mar 24 06:10:01 PM CST 2026] monitor_cron 开始执行
[Tue Mar 24 06:10:01 PM CST 2026] 原型扫描完成：共27个，新增0个
[Tue Mar 24 06:15:01 PM CST 2026] monitor_cron 开始执行
[Tue Mar 24 06:15:01 PM CST 2026] 原型扫描完成：共27个，新增0个
[Tue Mar 24 06:20:01 PM CST 2026] monitor_cron 开始执行
[Tue Mar 24 06:20:01 PM CST 2026] 原型扫描完成：共27个，新增0个
[Tue Mar 24 06:25:01 PM CST 2026] monitor_cron 开始执行
[Tue Mar 24 06:25:02 PM CST 2026] 原型扫描完成：共27个，新增0个
[Tue Mar 24 06:30:01 PM CST 2026] monitor_cron 开始执行
[Tue Mar 24 06:30:01 PM CST 2026] 原型扫描完成：共27个，新增0个
[Tue Mar 24 06:35:01 PM CST 2026] monitor_cron 开始执行
[Tue Mar 24 06:35:01 PM CST 2026] 原型扫描完成：共27个，新增0个
[Tue Mar 24 06:40:01 PM CST 2026] monitor_cron 开始执行
[Tue Mar 24 06:40:01 PM CST 2026] 原型扫描完成：共27个，新增0个
[Tue Mar 24 06:45:01 PM CST 2026] monitor_cron 开始执行
[Tue Mar 24 06:45:01 PM CST 2026] 原型扫描完成：共27个，新增0个
[Tue Mar 24 06:50:01 PM CST 2026] monitor_cron 开始执行
[Tue Mar 24 06:50:01 PM CST 2026] 原型扫描完成：共27个，新增0个
[Tue Mar 24 06:55:01 PM CST 2026] monitor_cron 开始执行
[Tue Mar 24 06:55:01 PM CST 2026] 原型扫描完成：共27个，新增0个
[Tue Mar 24 07:00:01 PM CST 2026] monitor_cron 开始执行
[Tue Mar 24 07:00:01 PM CST 2026] 原型扫描完成：共27个，新增0个
[Tue Mar 24 07:05:01 PM CST 2026] monitor_cron 开始执行
[Tue Mar 24 07:05:01 PM CST 2026] 原型扫描完成：共27个，新增0个
[Tue Mar 24 07:10:01 PM CST 2026] monitor_cron 开始执行
[Tue Mar 24 07:10:01 PM CST 2026] 原型扫描完成：共27个，新增0个
[Tue Mar 24 07:15:01 PM CST 2026] monitor_cron 开始执行
[Tue Mar 24 07:15:01 PM CST 2026] 原型扫描完成：共27个，新增0个
[Tue Mar 24 07:20:01 PM CST 2026] monitor_cron 开始执行
[Tue Mar 24 07:20:01 PM CST 2026] 原型扫描完成：共27个，新增0个
[Tue Mar 24 07:25:01 PM CST 2026] monitor_cron 开始执行
[Tue Mar 24 07:25:01 PM CST 2026] 原型扫描完成：共27个，新增0个
[Tue Mar 24 07:30:01 PM CST 2026] monitor_cron 开始执行
[Tue Mar 24 07:30:01 PM CST 2026] 原型扫描完成：共27个，新增0个
[Tue Mar 24 07:35:01 PM CST 2026] monitor_cron 开始执行
[Tue Mar 24 07:35:01 PM CST 2026] 原型扫描完成：共27个，新增0个
[Tue Mar 24 07:40:01 PM CST 2026] monitor_cron 开始执行
[Tue Mar 24 07:40:02 PM CST 2026] 原型扫描完成：共27个，新增0个
[Tue Mar 24 07:45:01 PM CST 2026] monitor_cron 开始执行
[Tue Mar 24 07:45:01 PM CST 2026] 原型扫描完成：共27个，新增0个
[Tue Mar 24 07:50:01 PM CST 2026] monitor_cron 开始执行
[Tue Mar 24 07:50:01 PM CST 2026] 原型扫描完成：共27个，新增0个
[Tue Mar 24 07:55:01 PM CST 2026] monitor_cron 开始执行
[Tue Mar 24 07:55:01 PM CST 2026] 原型扫描完成：共27个，新增0个
[Tue Mar 24 08:00:01 PM CST 2026] monitor_cron 开始执行
[Tue Mar 24 08:00:01 PM CST 2026] 原型扫描完成：共27个，新增0个
[Tue Mar 24 08:05:01 PM CST 2026] monitor_cron 开始执行
[Tue Mar 24 08:05:01 PM CST 2026] 原型扫描完成：共27个，新增0个
[Tue Mar 24 08:10:01 PM CST 2026] monitor_cron 开始执行
[Tue Mar 24 08:10:01 PM CST 2026] 原型扫描完成：共27个，新增0个
[Tue Mar 24 08:15:01 PM CST 2026] monitor_cron 开始执行
[Tue Mar 24 08:15:02 PM CST 2026] 发现新原型: 前端页面原型_20260324.md -> 任务: PROTO-6D8310
任务 PROTO-6D8310 已存在，跳过
[Tue Mar 24 08:15:03 PM CST 2026] 已创建任务: PROTO-6D8310
[Tue Mar 24 08:15:03 PM CST 2026] 原型扫描完成：共28个，新增1个
[Tue Mar 24 08:20:01 PM CST 2026] monitor_cron 开始执行
[Tue Mar 24 08:20:01 PM CST 2026] 原型扫描完成：共28个，新增0个
[Tue Mar 24 08:25:01 PM CST 2026] monitor_cron 开始执行
[Tue Mar 24 08:25:01 PM CST 2026] 原型扫描完成：共28个，新增0个
[Tue Mar 24 08:30:01 PM CST 2026] monitor_cron 开始执行
[Tue Mar 24 08:30:01 PM CST 2026] 原型扫描完成：共28个，新增0个
[Tue Mar 24 08:35:01 PM CST 2026] monitor_cron 开始执行
[Tue Mar 24 08:35:02 PM CST 2026] 原型扫描完成：共28个，新增0个
[Tue Mar 24 08:40:01 PM CST 2026] monitor_cron 开始执行
[Tue Mar 24 08:40:01 PM CST 2026] 原型扫描完成：共28个，新增0个
[Tue Mar 24 08:45:01 PM CST 2026] monitor_cron 开始执行
[Tue Mar 24 08:45:01 PM CST 2026] 原型扫描完成：共28个，新增0个
[Tue Mar 24 08:50:01 PM CST 2026] monitor_cron 开始执行
[Tue Mar 24 08:50:01 PM CST 2026] 原型扫描完成：共28个，新增0个
[Tue Mar 24 08:55:01 PM CST 2026] monitor_cron 开始执行
[Tue Mar 24 08:55:01 PM CST 2026] 原型扫描完成：共28个，新增0个
[Tue Mar 24 09:00:01 PM CST 2026] monitor_cron 开始执行
[Tue Mar 24 09:00:01 PM CST 2026] 原型扫描完成：共28个，新增0个
[Tue Mar 24 09:05:01 PM CST 2026] monitor_cron 开始执行
[Tue Mar 24 09:05:02 PM CST 2026] 原型扫描完成：共28个，新增0个
[Tue Mar 24 09:10:01 PM CST 2026] monitor_cron 开始执行
[Tue Mar 24 09:10:01 PM CST 2026] 原型扫描完成：共28个，新增0个
[Tue Mar 24 09:15:01 PM CST 2026] monitor_cron 开始执行
[Tue Mar 24 09:15:01 PM CST 2026] 原型扫描完成：共28个，新增0个
[Tue Mar 24 09:20:01 PM CST 2026] monitor_cron 开始执行
[Tue Mar 24 09:20:01 PM CST 2026] 原型扫描完成：共28个，新增0个
[Tue Mar 24 09:25:01 PM CST 2026] monitor_cron 开始执行
[Tue Mar 24 09:25:01 PM CST 2026] 原型扫描完成：共28个，新增0个
[Tue Mar 24 09:30:01 PM CST 2026] monitor_cron 开始执行
[Tue Mar 24 09:30:01 PM CST 2026] 原型扫描完成：共28个，新增0个
[Tue Mar 24 09:35:01 PM CST 2026] monitor_cron 开始执行
[Tue Mar 24 09:35:02 PM CST 2026] 原型扫描完成：共28个，新增0个
[Tue Mar 24 09:40:01 PM CST 2026] monitor_cron 开始执行
[Tue Mar 24 09:40:01 PM CST 2026] 原型扫描完成：共28个，新增0个
[Tue Mar 24 09:45:01 PM CST 2026] monitor_cron 开始执行
[Tue Mar 24 09:45:01 PM CST 2026] 原型扫描完成：共28个，新增0个
[Tue Mar 24 09:50:01 PM CST 2026] monitor_cron 开始执行
[Tue Mar 24 09:50:01 PM CST 2026] 原型扫描完成：共28个，新增0个
[Tue Mar 24 09:55:01 PM CST 2026] monitor_cron 开始执行
[Tue Mar 24 09:55:01 PM CST 2026] 原型扫描完成：共28个，新增0个
[Tue Mar 24 10:00:01 PM CST 2026] monitor_cron 开始执行
[Tue Mar 24 10:00:01 PM CST 2026] 原型扫描完成：共28个，新增0个
[Tue Mar 24 10:05:01 PM CST 2026] monitor_cron 开始执行
[Tue Mar 24 10:05:02 PM CST 2026] 原型扫描完成：共28个，新增0个
[Tue Mar 24 10:10:01 PM CST 2026] monitor_cron 开始执行
[Tue Mar 24 10:10:01 PM CST 2026] 原型扫描完成：共28个，新增0个
[Tue Mar 24 10:15:01 PM CST 2026] monitor_cron 开始执行
[Tue Mar 24 10:15:01 PM CST 2026] 原型扫描完成：共28个，新增0个
[Tue Mar 24 10:20:01 PM CST 2026] monitor_cron 开始执行
[Tue Mar 24 10:20:01 PM CST 2026] 原型扫描完成：共28个，新增0个
[Tue Mar 24 10:25:01 PM CST 2026] monitor_cron 开始执行
[Tue Mar 24 10:25:01 PM CST 2026] 原型扫描完成：共28个，新增0个
[Tue Mar 24 10:30:01 PM CST 2026] monitor_cron 开始执行
[Tue Mar 24 10:30:01 PM CST 2026] 原型扫描完成：共28个，新增0个
[Tue Mar 24 10:35:01 PM CST 2026] monitor_cron 开始执行
[Tue Mar 24 10:35:01 PM CST 2026] 原型扫描完成：共28个，新增0个
[Tue Mar 24 10:40:01 PM CST 2026] monitor_cron 开始执行
[Tue Mar 24 10:40:02 PM CST 2026] 原型扫描完成：共28个，新增0个
[Tue Mar 24 11:35:01 PM CST 2026] monitor_cron 开始执行
[Tue Mar 24 11:35:01 PM CST 2026] 原型扫描完成：共28个，新增0个
[Tue Mar 24 11:40:01 PM CST 2026] monitor_cron 开始执行
[Tue Mar 24 11:40:01 PM CST 2026] 原型扫描完成：共28个，新增0个
[Tue Mar 24 11:45:01 PM CST 2026] monitor_cron 开始执行
[Tue Mar 24 11:45:01 PM CST 2026] 原型扫描完成：共28个，新增0个
[Tue Mar 24 11:50:01 PM CST 2026] monitor_cron 开始执行
[Tue Mar 24 11:50:01 PM CST 2026] 原型扫描完成：共28个，新增0个
[Tue Mar 24 11:55:01 PM CST 2026] monitor_cron 开始执行
[Tue Mar 24 11:55:01 PM CST 2026] 原型扫描完成：共28个，新增0个
[Wed Mar 25 12:00:01 AM CST 2026] monitor_cron 开始执行
[Wed Mar 25 12:00:01 AM CST 2026] 原型扫描完成：共28个，新增0个
[Wed Mar 25 12:05:01 AM CST 2026] monitor_cron 开始执行
[Wed Mar 25 12:05:01 AM CST 2026] 原型扫描完成：共28个，新增0个
[Wed Mar 25 12:10:01 AM CST 2026] monitor_cron 开始执行
[Wed Mar 25 12:10:01 AM CST 2026] 原型扫描完成：共28个，新增0个
[Wed Mar 25 12:15:01 AM CST 2026] monitor_cron 开始执行
[Wed Mar 25 12:15:01 AM CST 2026] 原型扫描完成：共28个，新增0个
