[2026-03-24 00:00:01] === 监控任务开始 ===
[2026-03-24 00:00:07] [Git] 有未提交的更改
[2026-03-24 00:00:07] === 监控任务结束 ===
[2026-03-24 00:05:01] === 监控任务开始 ===
[2026-03-24 00:05:01] [发现新文件] docs/ 目录有 1 个新文件
[2026-03-24 00:05:01] [发现新文件] 营销方案/ 目录有 1 个新文件
[2026-03-24 00:05:06] [Git] 有未提交的更改
[2026-03-24 00:05:06] === 监控任务结束 ===
[2026-03-24 00:10:01] === 监控任务开始 ===
[2026-03-24 00:10:05] [Git] 有未提交的更改
[2026-03-24 00:10:05] === 监控任务结束 ===
[2026-03-24 00:15:01] === 监控任务开始 ===
[2026-03-24 00:15:06] [Git] 有未提交的更改
[2026-03-24 00:15:06] === 监控任务结束 ===
[2026-03-24 00:20:01] === 监控任务开始 ===
[2026-03-24 00:20:05] [Git] 有未提交的更改
[2026-03-24 00:20:05] === 监控任务结束 ===
[2026-03-24 00:25:02] === 监控任务开始 ===
[2026-03-24 00:25:06] [Git] 有未提交的更改
[2026-03-24 00:25:06] === 监控任务结束 ===
[2026-03-24 00:30:01] === 监控任务开始 ===
[2026-03-24 00:30:05] [Git] 有未提交的更改
[2026-03-24 00:30:05] === 监控任务结束 ===
[2026-03-24 00:35:01] === 监控任务开始 ===
[2026-03-24 00:35:06] [Git] 有未提交的更改
[2026-03-24 00:35:06] === 监控任务结束 ===
[2026-03-24 00:40:01] === 监控任务开始 ===
[2026-03-24 00:40:05] [Git] 有未提交的更改
[2026-03-24 00:40:05] === 监控任务结束 ===
